2025-01-07 09:50:32,328 INFO 19337 [egg-schedule]: register schedule /home/ubuntu/erp-backend/node_modules/egg-multipart/app/schedule/clean_tmpdir.js
2025-01-07 09:50:32,329 INFO 19337 [egg-schedule]: register schedule /home/ubuntu/erp-backend/node_modules/egg-logrotator/app/schedule/clean_log.js
2025-01-07 09:50:32,329 INFO 19337 [egg-schedule]: register schedule /home/ubuntu/erp-backend/node_modules/egg-logrotator/app/schedule/rotate_by_file.js
2025-01-07 09:50:32,651 INFO 19282 [Timer] /home/ubuntu/erp-backend/node_modules/egg-multipart/app/schedule/clean_tmpdir.js next time will execute after 67167351ms at 2025-01-08 04:30:00.002
2025-01-07 09:50:32,652 INFO 19282 [Timer] /home/ubuntu/erp-backend/node_modules/egg-logrotator/app/schedule/clean_log.js next time will execute after 50967349ms at 2025-01-08 00:00:00.001
2025-01-07 09:50:32,652 INFO 19282 [Timer] /home/ubuntu/erp-backend/node_modules/egg-logrotator/app/schedule/rotate_by_file.js next time will execute after 50968348ms at 2025-01-08 00:00:01.000
2025-01-07 09:56:55,313 INFO 27760 [egg-schedule]: register schedule /home/ubuntu/erp-backend/node_modules/egg-multipart/app/schedule/clean_tmpdir.js
2025-01-07 09:56:55,313 INFO 27760 [egg-schedule]: register schedule /home/ubuntu/erp-backend/node_modules/egg-logrotator/app/schedule/clean_log.js
2025-01-07 09:56:55,313 INFO 27760 [egg-schedule]: register schedule /home/ubuntu/erp-backend/node_modules/egg-logrotator/app/schedule/rotate_by_file.js
2025-01-07 09:56:55,591 INFO 27723 [Timer] /home/ubuntu/erp-backend/node_modules/egg-multipart/app/schedule/clean_tmpdir.js next time will execute after 66784411ms at 2025-01-08 04:30:00.002
2025-01-07 09:56:55,592 INFO 27723 [Timer] /home/ubuntu/erp-backend/node_modules/egg-logrotator/app/schedule/clean_log.js next time will execute after 50584409ms at 2025-01-08 00:00:00.001
2025-01-07 09:56:55,592 INFO 27723 [Timer] /home/ubuntu/erp-backend/node_modules/egg-logrotator/app/schedule/rotate_by_file.js next time will execute after 50585408ms at 2025-01-08 00:00:01.000
2025-01-07 09:58:53,201 INFO 32813 [egg-schedule]: register schedule /home/ubuntu/erp-backend/node_modules/egg-multipart/app/schedule/clean_tmpdir.js
2025-01-07 09:58:53,201 INFO 32813 [egg-schedule]: register schedule /home/ubuntu/erp-backend/node_modules/egg-logrotator/app/schedule/clean_log.js
2025-01-07 09:58:53,201 INFO 32813 [egg-schedule]: register schedule /home/ubuntu/erp-backend/node_modules/egg-logrotator/app/schedule/rotate_by_file.js
2025-01-07 09:58:53,471 INFO 32795 [Timer] /home/ubuntu/erp-backend/node_modules/egg-multipart/app/schedule/clean_tmpdir.js next time will execute after 66666531ms at 2025-01-08 04:30:00.002
2025-01-07 09:58:53,472 INFO 32795 [Timer] /home/ubuntu/erp-backend/node_modules/egg-logrotator/app/schedule/clean_log.js next time will execute after 50466529ms at 2025-01-08 00:00:00.001
2025-01-07 09:58:53,472 INFO 32795 [Timer] /home/ubuntu/erp-backend/node_modules/egg-logrotator/app/schedule/rotate_by_file.js next time will execute after 50467528ms at 2025-01-08 00:00:01.000
2025-01-07 10:02:05,365 INFO 34277 [egg-schedule]: register schedule /home/ubuntu/erp-backend/node_modules/egg-multipart/app/schedule/clean_tmpdir.js
2025-01-07 10:02:05,365 INFO 34277 [egg-schedule]: register schedule /home/ubuntu/erp-backend/node_modules/egg-logrotator/app/schedule/clean_log.js
2025-01-07 10:02:05,365 INFO 34277 [egg-schedule]: register schedule /home/ubuntu/erp-backend/node_modules/egg-logrotator/app/schedule/rotate_by_file.js
2025-01-07 10:03:44,414 INFO 35975 [egg-schedule]: register schedule /home/ubuntu/erp-backend/node_modules/egg-multipart/app/schedule/clean_tmpdir.js
2025-01-07 10:03:44,414 INFO 35975 [egg-schedule]: register schedule /home/ubuntu/erp-backend/node_modules/egg-logrotator/app/schedule/clean_log.js
2025-01-07 10:03:44,414 INFO 35975 [egg-schedule]: register schedule /home/ubuntu/erp-backend/node_modules/egg-logrotator/app/schedule/rotate_by_file.js
2025-01-07 10:03:44,682 INFO 35955 [Timer] /home/ubuntu/erp-backend/node_modules/egg-multipart/app/schedule/clean_tmpdir.js next time will execute after 66375320ms at 2025-01-08 04:30:00.002
2025-01-07 10:03:44,682 INFO 35955 [Timer] /home/ubuntu/erp-backend/node_modules/egg-logrotator/app/schedule/clean_log.js next time will execute after 50175318ms at 2025-01-08 00:00:00.000
2025-01-07 10:03:44,682 INFO 35955 [Timer] /home/ubuntu/erp-backend/node_modules/egg-logrotator/app/schedule/rotate_by_file.js next time will execute after 50176318ms at 2025-01-08 00:00:01.000
2025-01-07 10:07:37,869 INFO 37583 [egg-schedule]: register schedule /home/ubuntu/erp-backend/node_modules/egg-multipart/app/schedule/clean_tmpdir.js
2025-01-07 10:07:37,869 INFO 37583 [egg-schedule]: register schedule /home/ubuntu/erp-backend/node_modules/egg-logrotator/app/schedule/clean_log.js
2025-01-07 10:07:37,869 INFO 37583 [egg-schedule]: register schedule /home/ubuntu/erp-backend/node_modules/egg-logrotator/app/schedule/rotate_by_file.js
2025-01-07 10:07:55,337 INFO 37999 [egg-schedule]: register schedule /home/ubuntu/erp-backend/node_modules/egg-multipart/app/schedule/clean_tmpdir.js
2025-01-07 10:07:55,337 INFO 37999 [egg-schedule]: register schedule /home/ubuntu/erp-backend/node_modules/egg-logrotator/app/schedule/clean_log.js
2025-01-07 10:07:55,337 INFO 37999 [egg-schedule]: register schedule /home/ubuntu/erp-backend/node_modules/egg-logrotator/app/schedule/rotate_by_file.js
2025-01-07 10:07:55,610 INFO 37981 [Timer] /home/ubuntu/erp-backend/node_modules/egg-multipart/app/schedule/clean_tmpdir.js next time will execute after 66124392ms at 2025-01-08 04:30:00.002
2025-01-07 10:07:55,610 INFO 37981 [Timer] /home/ubuntu/erp-backend/node_modules/egg-logrotator/app/schedule/clean_log.js next time will execute after 49924390ms at 2025-01-08 00:00:00.000
2025-01-07 10:07:55,610 INFO 37981 [Timer] /home/ubuntu/erp-backend/node_modules/egg-logrotator/app/schedule/rotate_by_file.js next time will execute after 49925390ms at 2025-01-08 00:00:01.000
2025-01-07 10:21:37,709 INFO 48665 [egg-schedule]: register schedule /home/ubuntu/erp-backend/node_modules/egg-multipart/app/schedule/clean_tmpdir.js
2025-01-07 10:21:37,709 INFO 48665 [egg-schedule]: register schedule /home/ubuntu/erp-backend/node_modules/egg-logrotator/app/schedule/clean_log.js
2025-01-07 10:21:37,709 INFO 48665 [egg-schedule]: register schedule /home/ubuntu/erp-backend/node_modules/egg-logrotator/app/schedule/rotate_by_file.js
2025-01-07 10:21:37,993 INFO 48647 [Timer] /home/ubuntu/erp-backend/node_modules/egg-multipart/app/schedule/clean_tmpdir.js next time will execute after 65302010ms at 2025-01-08 04:30:00.003
2025-01-07 10:21:37,993 INFO 48647 [Timer] /home/ubuntu/erp-backend/node_modules/egg-logrotator/app/schedule/clean_log.js next time will execute after 49102007ms at 2025-01-08 00:00:00.000
2025-01-07 10:21:37,993 INFO 48647 [Timer] /home/ubuntu/erp-backend/node_modules/egg-logrotator/app/schedule/rotate_by_file.js next time will execute after 49103007ms at 2025-01-08 00:00:01.000
2025-01-07 10:33:24,680 INFO 58444 [egg-schedule]: register schedule /home/ubuntu/erp-backend/node_modules/egg-multipart/app/schedule/clean_tmpdir.js
2025-01-07 10:33:24,680 INFO 58444 [egg-schedule]: register schedule /home/ubuntu/erp-backend/node_modules/egg-logrotator/app/schedule/clean_log.js
2025-01-07 10:33:24,680 INFO 58444 [egg-schedule]: register schedule /home/ubuntu/erp-backend/node_modules/egg-logrotator/app/schedule/rotate_by_file.js
2025-01-07 10:33:24,681 INFO 58443 [egg-schedule]: register schedule /home/ubuntu/erp-backend/node_modules/egg-multipart/app/schedule/clean_tmpdir.js
2025-01-07 10:33:24,681 INFO 58443 [egg-schedule]: register schedule /home/ubuntu/erp-backend/node_modules/egg-logrotator/app/schedule/clean_log.js
2025-01-07 10:33:24,682 INFO 58443 [egg-schedule]: register schedule /home/ubuntu/erp-backend/node_modules/egg-logrotator/app/schedule/rotate_by_file.js
2025-01-07 10:33:44,874 INFO 59378 [egg-schedule]: register schedule /home/ubuntu/erp-backend/node_modules/egg-multipart/app/schedule/clean_tmpdir.js
2025-01-07 10:33:44,874 INFO 59378 [egg-schedule]: register schedule /home/ubuntu/erp-backend/node_modules/egg-logrotator/app/schedule/clean_log.js
2025-01-07 10:33:44,874 INFO 59378 [egg-schedule]: register schedule /home/ubuntu/erp-backend/node_modules/egg-logrotator/app/schedule/rotate_by_file.js
2025-01-07 10:33:45,155 INFO 59329 [Timer] /home/ubuntu/erp-backend/node_modules/egg-multipart/app/schedule/clean_tmpdir.js next time will execute after 64574847ms at 2025-01-08 04:30:00.002
2025-01-07 10:33:45,155 INFO 59329 [Timer] /home/ubuntu/erp-backend/node_modules/egg-logrotator/app/schedule/clean_log.js next time will execute after 48374845ms at 2025-01-08 00:00:00.000
2025-01-07 10:33:45,155 INFO 59329 [Timer] /home/ubuntu/erp-backend/node_modules/egg-logrotator/app/schedule/rotate_by_file.js next time will execute after 48375845ms at 2025-01-08 00:00:01.000
2025-01-07 10:48:03,963 INFO 71649 [egg-schedule]: register schedule /home/ubuntu/erp-backend/node_modules/egg-multipart/app/schedule/clean_tmpdir.js
2025-01-07 10:48:03,963 INFO 71649 [egg-schedule]: register schedule /home/ubuntu/erp-backend/node_modules/egg-logrotator/app/schedule/clean_log.js
2025-01-07 10:48:03,963 INFO 71649 [egg-schedule]: register schedule /home/ubuntu/erp-backend/node_modules/egg-logrotator/app/schedule/rotate_by_file.js
2025-01-07 10:48:03,970 INFO 71648 [egg-schedule]: register schedule /home/ubuntu/erp-backend/node_modules/egg-multipart/app/schedule/clean_tmpdir.js
2025-01-07 10:48:03,970 INFO 71648 [egg-schedule]: register schedule /home/ubuntu/erp-backend/node_modules/egg-logrotator/app/schedule/clean_log.js
2025-01-07 10:48:03,970 INFO 71648 [egg-schedule]: register schedule /home/ubuntu/erp-backend/node_modules/egg-logrotator/app/schedule/rotate_by_file.js
2025-01-07 10:48:04,878 INFO 71698 [egg-schedule]: register schedule /home/ubuntu/erp-backend/node_modules/egg-multipart/app/schedule/clean_tmpdir.js
2025-01-07 10:48:04,878 INFO 71698 [egg-schedule]: register schedule /home/ubuntu/erp-backend/node_modules/egg-logrotator/app/schedule/clean_log.js
2025-01-07 10:48:04,878 INFO 71698 [egg-schedule]: register schedule /home/ubuntu/erp-backend/node_modules/egg-logrotator/app/schedule/rotate_by_file.js
2025-01-07 10:48:04,889 INFO 71704 [egg-schedule]: register schedule /home/ubuntu/erp-backend/node_modules/egg-multipart/app/schedule/clean_tmpdir.js
2025-01-07 10:48:04,889 INFO 71704 [egg-schedule]: register schedule /home/ubuntu/erp-backend/node_modules/egg-logrotator/app/schedule/clean_log.js
2025-01-07 10:48:04,889 INFO 71704 [egg-schedule]: register schedule /home/ubuntu/erp-backend/node_modules/egg-logrotator/app/schedule/rotate_by_file.js
2025-01-07 10:48:22,856 INFO 72634 [egg-schedule]: register schedule /home/ubuntu/erp-backend/node_modules/egg-multipart/app/schedule/clean_tmpdir.js
2025-01-07 10:48:22,856 INFO 72634 [egg-schedule]: register schedule /home/ubuntu/erp-backend/node_modules/egg-logrotator/app/schedule/clean_log.js
2025-01-07 10:48:22,856 INFO 72634 [egg-schedule]: register schedule /home/ubuntu/erp-backend/node_modules/egg-logrotator/app/schedule/rotate_by_file.js
2025-01-07 10:48:23,134 INFO 72616 [Timer] /home/ubuntu/erp-backend/node_modules/egg-multipart/app/schedule/clean_tmpdir.js next time will execute after 63696868ms at 2025-01-08 04:30:00.002
2025-01-07 10:48:23,135 INFO 72616 [Timer] /home/ubuntu/erp-backend/node_modules/egg-logrotator/app/schedule/clean_log.js next time will execute after 47496866ms at 2025-01-08 00:00:00.001
2025-01-07 10:48:23,135 INFO 72616 [Timer] /home/ubuntu/erp-backend/node_modules/egg-logrotator/app/schedule/rotate_by_file.js next time will execute after 47497865ms at 2025-01-08 00:00:01.000
2025-01-07 10:59:48,650 INFO 82094 [egg-schedule]: register schedule /home/ubuntu/erp-backend/node_modules/egg-multipart/app/schedule/clean_tmpdir.js
2025-01-07 10:59:48,650 INFO 82094 [egg-schedule]: register schedule /home/ubuntu/erp-backend/node_modules/egg-logrotator/app/schedule/clean_log.js
2025-01-07 10:59:48,650 INFO 82094 [egg-schedule]: register schedule /home/ubuntu/erp-backend/node_modules/egg-logrotator/app/schedule/rotate_by_file.js
2025-01-07 10:59:48,931 INFO 82076 [Timer] /home/ubuntu/erp-backend/node_modules/egg-multipart/app/schedule/clean_tmpdir.js next time will execute after 63011071ms at 2025-01-08 04:30:00.002
2025-01-07 10:59:48,931 INFO 82076 [Timer] /home/ubuntu/erp-backend/node_modules/egg-logrotator/app/schedule/clean_log.js next time will execute after 46811069ms at 2025-01-08 00:00:00.000
2025-01-07 10:59:48,931 INFO 82076 [Timer] /home/ubuntu/erp-backend/node_modules/egg-logrotator/app/schedule/rotate_by_file.js next time will execute after 46812069ms at 2025-01-08 00:00:01.000
2025-01-07 11:12:44,452 INFO 93912 [egg-schedule]: register schedule /home/ubuntu/erp-backend/node_modules/egg-multipart/app/schedule/clean_tmpdir.js
2025-01-07 11:12:44,452 INFO 93912 [egg-schedule]: register schedule /home/ubuntu/erp-backend/node_modules/egg-logrotator/app/schedule/clean_log.js
2025-01-07 11:12:44,453 INFO 93912 [egg-schedule]: register schedule /home/ubuntu/erp-backend/node_modules/egg-logrotator/app/schedule/rotate_by_file.js
2025-01-07 11:12:44,734 INFO 93894 [Timer] /home/ubuntu/erp-backend/node_modules/egg-multipart/app/schedule/clean_tmpdir.js next time will execute after 62235268ms at 2025-01-08 04:30:00.002
2025-01-07 11:12:44,735 INFO 93894 [Timer] /home/ubuntu/erp-backend/node_modules/egg-logrotator/app/schedule/clean_log.js next time will execute after 46035266ms at 2025-01-08 00:00:00.001
2025-01-07 11:12:44,735 INFO 93894 [Timer] /home/ubuntu/erp-backend/node_modules/egg-logrotator/app/schedule/rotate_by_file.js next time will execute after 46036265ms at 2025-01-08 00:00:01.000
2025-01-07 11:31:10,788 INFO 112786 [egg-schedule]: register schedule /home/ubuntu/erp-backend/node_modules/egg-multipart/app/schedule/clean_tmpdir.js
2025-01-07 11:31:10,788 INFO 112786 [egg-schedule]: register schedule /home/ubuntu/erp-backend/node_modules/egg-logrotator/app/schedule/clean_log.js
2025-01-07 11:31:10,788 INFO 112786 [egg-schedule]: register schedule /home/ubuntu/erp-backend/node_modules/egg-logrotator/app/schedule/rotate_by_file.js
2025-01-07 11:31:11,072 INFO 112737 [Timer] /home/ubuntu/erp-backend/node_modules/egg-multipart/app/schedule/clean_tmpdir.js next time will execute after 61128931ms at 2025-01-08 04:30:00.003
2025-01-07 11:31:11,072 INFO 112737 [Timer] /home/ubuntu/erp-backend/node_modules/egg-logrotator/app/schedule/clean_log.js next time will execute after 44928928ms at 2025-01-08 00:00:00.000
2025-01-07 11:31:11,072 INFO 112737 [Timer] /home/ubuntu/erp-backend/node_modules/egg-logrotator/app/schedule/rotate_by_file.js next time will execute after 44929928ms at 2025-01-08 00:00:01.000
2025-01-07 11:36:01,636 INFO 116088 [egg-schedule]: register schedule /home/ubuntu/erp-backend/node_modules/egg-multipart/app/schedule/clean_tmpdir.js
2025-01-07 11:36:01,636 INFO 116088 [egg-schedule]: register schedule /home/ubuntu/erp-backend/node_modules/egg-logrotator/app/schedule/clean_log.js
2025-01-07 11:36:01,636 INFO 116088 [egg-schedule]: register schedule /home/ubuntu/erp-backend/node_modules/egg-logrotator/app/schedule/rotate_by_file.js
2025-01-07 11:36:02,533 INFO 116113 [egg-schedule]: register schedule /home/ubuntu/erp-backend/node_modules/egg-multipart/app/schedule/clean_tmpdir.js
2025-01-07 11:36:02,533 INFO 116113 [egg-schedule]: register schedule /home/ubuntu/erp-backend/node_modules/egg-logrotator/app/schedule/clean_log.js
2025-01-07 11:36:02,533 INFO 116113 [egg-schedule]: register schedule /home/ubuntu/erp-backend/node_modules/egg-logrotator/app/schedule/rotate_by_file.js
2025-01-07 11:36:21,227 INFO 117058 [egg-schedule]: register schedule /home/ubuntu/erp-backend/node_modules/egg-multipart/app/schedule/clean_tmpdir.js
2025-01-07 11:36:21,227 INFO 117058 [egg-schedule]: register schedule /home/ubuntu/erp-backend/node_modules/egg-logrotator/app/schedule/clean_log.js
2025-01-07 11:36:21,227 INFO 117058 [egg-schedule]: register schedule /home/ubuntu/erp-backend/node_modules/egg-logrotator/app/schedule/rotate_by_file.js
2025-01-07 11:36:21,500 INFO 117040 [Timer] /home/ubuntu/erp-backend/node_modules/egg-multipart/app/schedule/clean_tmpdir.js next time will execute after 60818502ms at 2025-01-08 04:30:00.002
2025-01-07 11:36:21,500 INFO 117040 [Timer] /home/ubuntu/erp-backend/node_modules/egg-logrotator/app/schedule/clean_log.js next time will execute after 44618500ms at 2025-01-08 00:00:00.000
2025-01-07 11:36:21,501 INFO 117040 [Timer] /home/ubuntu/erp-backend/node_modules/egg-logrotator/app/schedule/rotate_by_file.js next time will execute after 44619500ms at 2025-01-08 00:00:01.001
2025-01-07 11:49:26,067 INFO 128769 [egg-schedule]: register schedule /home/ubuntu/erp-backend/node_modules/egg-multipart/app/schedule/clean_tmpdir.js
2025-01-07 11:49:26,067 INFO 128769 [egg-schedule]: register schedule /home/ubuntu/erp-backend/node_modules/egg-logrotator/app/schedule/clean_log.js
2025-01-07 11:49:26,067 INFO 128769 [egg-schedule]: register schedule /home/ubuntu/erp-backend/node_modules/egg-logrotator/app/schedule/rotate_by_file.js
2025-01-07 11:49:44,178 INFO 129705 [egg-schedule]: register schedule /home/ubuntu/erp-backend/node_modules/egg-multipart/app/schedule/clean_tmpdir.js
2025-01-07 11:49:44,178 INFO 129705 [egg-schedule]: register schedule /home/ubuntu/erp-backend/node_modules/egg-logrotator/app/schedule/clean_log.js
2025-01-07 11:49:44,178 INFO 129705 [egg-schedule]: register schedule /home/ubuntu/erp-backend/node_modules/egg-logrotator/app/schedule/rotate_by_file.js
2025-01-07 11:49:44,451 INFO 129656 [Timer] /home/ubuntu/erp-backend/node_modules/egg-multipart/app/schedule/clean_tmpdir.js next time will execute after 60015551ms at 2025-01-08 04:30:00.002
2025-01-07 11:49:44,451 INFO 129656 [Timer] /home/ubuntu/erp-backend/node_modules/egg-logrotator/app/schedule/clean_log.js next time will execute after 43815549ms at 2025-01-08 00:00:00.000
2025-01-07 11:49:44,452 INFO 129656 [Timer] /home/ubuntu/erp-backend/node_modules/egg-logrotator/app/schedule/rotate_by_file.js next time will execute after 43816548ms at 2025-01-08 00:00:01.000
2025-01-07 11:56:20,144 INFO 135653 [egg-schedule]: register schedule /home/ubuntu/erp-backend/node_modules/egg-multipart/app/schedule/clean_tmpdir.js
2025-01-07 11:56:20,144 INFO 135653 [egg-schedule]: register schedule /home/ubuntu/erp-backend/node_modules/egg-logrotator/app/schedule/clean_log.js
2025-01-07 11:56:20,144 INFO 135653 [egg-schedule]: register schedule /home/ubuntu/erp-backend/node_modules/egg-logrotator/app/schedule/rotate_by_file.js
2025-01-07 11:56:20,427 INFO 135635 [Timer] /home/ubuntu/erp-backend/node_modules/egg-multipart/app/schedule/clean_tmpdir.js next time will execute after 59619575ms at 2025-01-08 04:30:00.002
2025-01-07 11:56:20,427 INFO 135635 [Timer] /home/ubuntu/erp-backend/node_modules/egg-logrotator/app/schedule/clean_log.js next time will execute after 43419573ms at 2025-01-08 00:00:00.000
2025-01-07 11:56:20,428 INFO 135635 [Timer] /home/ubuntu/erp-backend/node_modules/egg-logrotator/app/schedule/rotate_by_file.js next time will execute after 43420573ms at 2025-01-08 00:00:01.001
2025-01-07 11:58:24,708 INFO 138259 [egg-schedule]: register schedule /home/ubuntu/erp-backend/node_modules/egg-multipart/app/schedule/clean_tmpdir.js
2025-01-07 11:58:24,708 INFO 138259 [egg-schedule]: register schedule /home/ubuntu/erp-backend/node_modules/egg-logrotator/app/schedule/clean_log.js
2025-01-07 11:58:24,708 INFO 138259 [egg-schedule]: register schedule /home/ubuntu/erp-backend/node_modules/egg-logrotator/app/schedule/rotate_by_file.js
2025-01-07 11:58:24,978 INFO 138241 [Timer] /home/ubuntu/erp-backend/node_modules/egg-multipart/app/schedule/clean_tmpdir.js next time will execute after 59495024ms at 2025-01-08 04:30:00.002
2025-01-07 11:58:24,978 INFO 138241 [Timer] /home/ubuntu/erp-backend/node_modules/egg-logrotator/app/schedule/clean_log.js next time will execute after 43295022ms at 2025-01-08 00:00:00.000
2025-01-07 11:58:24,979 INFO 138241 [Timer] /home/ubuntu/erp-backend/node_modules/egg-logrotator/app/schedule/rotate_by_file.js next time will execute after 43296022ms at 2025-01-08 00:00:01.001
2025-01-07 12:03:04,566 INFO 141497 [egg-schedule]: register schedule /home/ubuntu/erp-backend/node_modules/egg-multipart/app/schedule/clean_tmpdir.js
2025-01-07 12:03:04,566 INFO 141497 [egg-schedule]: register schedule /home/ubuntu/erp-backend/node_modules/egg-logrotator/app/schedule/clean_log.js
2025-01-07 12:03:04,566 INFO 141497 [egg-schedule]: register schedule /home/ubuntu/erp-backend/node_modules/egg-logrotator/app/schedule/rotate_by_file.js
2025-01-07 12:03:23,672 INFO 142393 [egg-schedule]: register schedule /home/ubuntu/erp-backend/node_modules/egg-multipart/app/schedule/clean_tmpdir.js
2025-01-07 12:03:23,672 INFO 142393 [egg-schedule]: register schedule /home/ubuntu/erp-backend/node_modules/egg-logrotator/app/schedule/clean_log.js
2025-01-07 12:03:23,672 INFO 142393 [egg-schedule]: register schedule /home/ubuntu/erp-backend/node_modules/egg-logrotator/app/schedule/rotate_by_file.js
2025-01-07 12:03:23,948 INFO 142375 [Timer] /home/ubuntu/erp-backend/node_modules/egg-multipart/app/schedule/clean_tmpdir.js next time will execute after 59196055ms at 2025-01-08 04:30:00.003
2025-01-07 12:03:23,948 INFO 142375 [Timer] /home/ubuntu/erp-backend/node_modules/egg-logrotator/app/schedule/clean_log.js next time will execute after 42996052ms at 2025-01-08 00:00:00.000
2025-01-07 12:03:23,948 INFO 142375 [Timer] /home/ubuntu/erp-backend/node_modules/egg-logrotator/app/schedule/rotate_by_file.js next time will execute after 42997052ms at 2025-01-08 00:00:01.000
2025-01-07 12:14:40,553 INFO 149716 [egg-schedule]: register schedule /home/ubuntu/erp-backend/node_modules/egg-multipart/app/schedule/clean_tmpdir.js
2025-01-07 12:14:40,553 INFO 149716 [egg-schedule]: register schedule /home/ubuntu/erp-backend/node_modules/egg-logrotator/app/schedule/clean_log.js
2025-01-07 12:14:40,553 INFO 149716 [egg-schedule]: register schedule /home/ubuntu/erp-backend/node_modules/egg-logrotator/app/schedule/rotate_by_file.js
2025-01-07 12:14:57,792 INFO 150645 [egg-schedule]: register schedule /home/ubuntu/erp-backend/node_modules/egg-multipart/app/schedule/clean_tmpdir.js
2025-01-07 12:14:57,792 INFO 150645 [egg-schedule]: register schedule /home/ubuntu/erp-backend/node_modules/egg-logrotator/app/schedule/clean_log.js
2025-01-07 12:14:57,792 INFO 150645 [egg-schedule]: register schedule /home/ubuntu/erp-backend/node_modules/egg-logrotator/app/schedule/rotate_by_file.js
2025-01-07 12:14:58,075 INFO 150627 [Timer] /home/ubuntu/erp-backend/node_modules/egg-multipart/app/schedule/clean_tmpdir.js next time will execute after 58501927ms at 2025-01-08 04:30:00.002
2025-01-07 12:14:58,075 INFO 150627 [Timer] /home/ubuntu/erp-backend/node_modules/egg-logrotator/app/schedule/clean_log.js next time will execute after 42301925ms at 2025-01-08 00:00:00.000
2025-01-07 12:14:58,076 INFO 150627 [Timer] /home/ubuntu/erp-backend/node_modules/egg-logrotator/app/schedule/rotate_by_file.js next time will execute after 42302925ms at 2025-01-08 00:00:01.001
2025-01-07 12:30:07,490 INFO 164410 [egg-schedule]: register schedule /home/ubuntu/erp-backend/node_modules/egg-multipart/app/schedule/clean_tmpdir.js
2025-01-07 12:30:07,490 INFO 164410 [egg-schedule]: register schedule /home/ubuntu/erp-backend/node_modules/egg-logrotator/app/schedule/clean_log.js
2025-01-07 12:30:07,490 INFO 164410 [egg-schedule]: register schedule /home/ubuntu/erp-backend/node_modules/egg-logrotator/app/schedule/rotate_by_file.js
2025-01-07 12:30:07,771 INFO 164360 [Timer] /home/ubuntu/erp-backend/node_modules/egg-multipart/app/schedule/clean_tmpdir.js next time will execute after 57592231ms at 2025-01-08 04:30:00.002
2025-01-07 12:30:07,771 INFO 164360 [Timer] /home/ubuntu/erp-backend/node_modules/egg-logrotator/app/schedule/clean_log.js next time will execute after 41392229ms at 2025-01-08 00:00:00.000
2025-01-07 12:30:07,772 INFO 164360 [Timer] /home/ubuntu/erp-backend/node_modules/egg-logrotator/app/schedule/rotate_by_file.js next time will execute after 41393229ms at 2025-01-08 00:00:01.001
2025-01-07 12:36:45,877 INFO 170407 [egg-schedule]: register schedule /home/ubuntu/erp-backend/node_modules/egg-multipart/app/schedule/clean_tmpdir.js
2025-01-07 12:36:45,877 INFO 170407 [egg-schedule]: register schedule /home/ubuntu/erp-backend/node_modules/egg-logrotator/app/schedule/clean_log.js
2025-01-07 12:36:45,877 INFO 170407 [egg-schedule]: register schedule /home/ubuntu/erp-backend/node_modules/egg-logrotator/app/schedule/rotate_by_file.js
2025-01-07 12:36:46,150 INFO 170356 [Timer] /home/ubuntu/erp-backend/node_modules/egg-multipart/app/schedule/clean_tmpdir.js next time will execute after 57193852ms at 2025-01-08 04:30:00.002
2025-01-07 12:36:46,151 INFO 170356 [Timer] /home/ubuntu/erp-backend/node_modules/egg-logrotator/app/schedule/clean_log.js next time will execute after 40993850ms at 2025-01-08 00:00:00.001
2025-01-07 12:36:46,151 INFO 170356 [Timer] /home/ubuntu/erp-backend/node_modules/egg-logrotator/app/schedule/rotate_by_file.js next time will execute after 40994849ms at 2025-01-08 00:00:01.000
